<?xml version="1.0" encoding="utf-8"?>
<TestRun id="00000000-0000-4000-8000-000000000002" name="M0 analysis infrastructure" xmlns="http://microsoft.com/schemas/VisualStudio/TeamTest/2010">
  <Results>
    <UnitTestResult executionId="11111111-1111-4111-8111-111111111111" testId="aaaaaaaa-aaaa-4aaa-8aaa-aaaaaaaaaaaa" testName="analysis fixtures" outcome="Passed" />
    <UnitTestResult executionId="22222222-2222-4222-8222-222222222222" testId="bbbbbbbb-bbbb-4bbb-8bbb-bbbbbbbbbbbb" testName="deterministic analysis reports" outcome="Passed" />
    <UnitTestResult executionId="33333333-3333-4333-8333-333333333333" testId="cccccccc-cccc-4ccc-8ccc-cccccccccccc" testName="unchanged coverage baseline" outcome="Passed" />
  </Results>
  <ResultSummary outcome="Completed">
    <Counters total="3" executed="3" passed="3" failed="0" error="0" timeout="0" aborted="0" inconclusive="0" notExecuted="0" />
  </ResultSummary>
</TestRun>
